This file contains any messages produced by compilers while
running configure, to aid debugging if configure makes a mistake.

It was created by hello configure 2.0, which was
generated by GNU Autoconf 2.63.  Invocation command line was

  $ ./configure 

## --------- ##
## Platform. ##
## --------- ##

hostname = lihacker-laptop
uname -m = i686
uname -r = 2.6.28-11-generic
uname -s = Linux
uname -v = #42-Ubuntu SMP Fri Apr 17 01:57:59 UTC 2009

/usr/bin/uname -p = unknown
/bin/uname -X     = unknown

/bin/arch              = unknown
/usr/bin/arch -k       = unknown
/usr/convex/getsysinfo = unknown
/usr/bin/hostinfo      = unknown
/bin/machine           = unknown
/usr/bin/oslevel       = unknown
/bin/universe          = unknown

PATH: /usr/local/sbin
PATH: /usr/local/bin
PATH: /usr/sbin
PATH: /usr/bin
PATH: /sbin
PATH: /bin
PATH: /usr/games


## ----------- ##
## Core tests. ##
## ----------- ##

configure:2067: checking for a BSD-compatible install
configure:2135: result: /usr/bin/install -c
configure:2146: checking whether build environment is sane
configure:2189: result: yes
configure:2214: checking for a thread-safe mkdir -p
configure:2253: result: /bin/mkdir -p
configure:2266: checking for gawk
configure:2282: found /usr/bin/gawk
configure:2293: result: gawk
configure:2304: checking whether make sets $(MAKE)
configure:2326: result: yes
configure:2559: checking for gcc
configure:2575: found /usr/bin/gcc
configure:2586: result: gcc
configure:2818: checking for C compiler version
configure:2826: gcc --version >&5
gcc (Ubuntu 4.3.3-5ubuntu4) 4.3.3
Copyright (C) 2008 Free Software Foundation, Inc.
This is free software; see the source for copying conditions.  There is NO
warranty; not even for MERCHANTABILITY or FITNESS FOR A PARTICULAR PURPOSE.

configure:2830: $? = 0
configure:2837: gcc -v >&5
Using built-in specs.
Target: i486-linux-gnu
Configured with: ../src/configure -v --with-pkgversion='Ubuntu 4.3.3-5ubuntu4' --with-bugurl=file:///usr/share/doc/gcc-4.3/README.Bugs --enable-languages=c,c++,fortran,objc,obj-c++ --prefix=/usr --enable-shared --with-system-zlib --libexecdir=/usr/lib --without-included-gettext --enable-threads=posix --enable-nls --with-gxx-include-dir=/usr/include/c++/4.3 --program-suffix=-4.3 --enable-clocale=gnu --enable-libstdcxx-debug --enable-objc-gc --enable-mpfr --enable-targets=all --with-tune=generic --enable-checking=release --build=i486-linux-gnu --host=i486-linux-gnu --target=i486-linux-gnu
Thread model: posix
gcc version 4.3.3 (Ubuntu 4.3.3-5ubuntu4) 
configure:2841: $? = 0
configure:2848: gcc -V >&5
gcc: '-V' option must have argument
configure:2852: $? = 1
configure:2875: checking for C compiler default output file name
configure:2897: gcc    conftest.c  >&5
configure:2901: $? = 0
configure:2939: result: a.out
configure:2958: checking whether the C compiler works
configure:2968: ./a.out
configure:2972: $? = 0
configure:2991: result: yes
configure:2998: checking whether we are cross compiling
configure:3000: result: no
configure:3003: checking for suffix of executables
configure:3010: gcc -o conftest    conftest.c  >&5
configure:3014: $? = 0
configure:3040: result: 
configure:3046: checking for suffix of object files
configure:3072: gcc -c   conftest.c >&5
configure:3076: $? = 0
configure:3101: result: o
configure:3105: checking whether we are using the GNU C compiler
configure:3134: gcc -c   conftest.c >&5
configure:3141: $? = 0
configure:3158: result: yes
configure:3167: checking whether gcc accepts -g
configure:3197: gcc -c -g  conftest.c >&5
configure:3204: $? = 0
configure:3305: result: yes
configure:3322: checking for gcc option to accept ISO C89
configure:3396: gcc  -c -g -O2  conftest.c >&5
configure:3403: $? = 0
configure:3426: result: none needed
configure:3455: checking for style of include used by make
configure:3483: result: GNU
configure:3508: checking dependency style of gcc
configure:3599: result: gcc3
configure:3615: checking for an ANSI C-conforming const
configure:3690: gcc -c -g -O2  conftest.c >&5
configure:3697: $? = 0
configure:3712: result: yes
configure:3754: checking build system type
configure:3772: result: i686-pc-linux-gnu
configure:3794: checking host system type
configure:3809: result: i686-pc-linux-gnu
configure:3831: checking for a sed that does not truncate output
configure:3897: result: /bin/sed
configure:3915: checking for grep that handles long lines and -e
configure:3975: result: /bin/grep
configure:3980: checking for egrep
configure:4044: result: /bin/grep -E
configure:4049: checking for fgrep
configure:4113: result: /bin/grep -F
configure:4148: checking for ld used by gcc
configure:4215: result: /usr/bin/ld
configure:4224: checking if the linker (/usr/bin/ld) is GNU ld
configure:4239: result: yes
configure:4251: checking for BSD- or MS-compatible name lister (nm)
configure:4300: result: /usr/bin/nm -B
configure:4418: checking the name lister (/usr/bin/nm -B) interface
configure:4425: gcc -c -g -O2  conftest.c >&5
configure:4428: /usr/bin/nm -B "conftest.o"
configure:4431: output
00000000 B some_variable
configure:4438: result: BSD nm
configure:4441: checking whether ln -s works
configure:4445: result: yes
configure:4453: checking the maximum length of command line arguments
configure:4573: result: 1572864
configure:4590: checking whether the shell understands some XSI constructs
configure:4600: result: yes
configure:4604: checking whether the shell understands "+="
configure:4610: result: yes
configure:4645: checking for /usr/bin/ld option to reload object files
configure:4652: result: -r
configure:4721: checking for objdump
configure:4737: found /usr/bin/objdump
configure:4748: result: objdump
configure:4780: checking how to recognize dependent libraries
configure:4976: result: pass_all
configure:5036: checking for ar
configure:5052: found /usr/bin/ar
configure:5063: result: ar
configure:5141: checking for strip
configure:5157: found /usr/bin/strip
configure:5168: result: strip
configure:5240: checking for ranlib
configure:5256: found /usr/bin/ranlib
configure:5267: result: ranlib
configure:5357: checking command to parse /usr/bin/nm -B output from gcc object
configure:5475: gcc -c -g -O2  conftest.c >&5
configure:5478: $? = 0
configure:5482: /usr/bin/nm -B conftest.o \| sed -n -e 's/^.*[	 ]\([ABCDGIRSTW][ABCDGIRSTW]*\)[	 ][	 ]*\([_A-Za-z][_A-Za-z0-9]*\)$/\1 \2 \2/p' \> conftest.nm
configure:5485: $? = 0
configure:5539: gcc -o conftest -g -O2   conftest.c conftstm.o >&5
configure:5542: $? = 0
configure:5580: result: ok
configure:6446: checking how to run the C preprocessor
configure:6486: gcc -E  conftest.c
configure:6493: $? = 0
configure:6524: gcc -E  conftest.c
conftest.c:10:28: error: ac_nonexistent.h: No such file or directory
configure:6531: $? = 1
configure: failed program was:
| /* confdefs.h.  */
| #define PACKAGE_NAME "hello"
| #define PACKAGE_TARNAME "hello"
| #define PACKAGE_VERSION "2.0"
| #define PACKAGE_STRING "hello 2.0"
| #define PACKAGE_BUGREPORT "gary@gnu.org"
| #define PACKAGE "hello"
| #define VERSION "2.0"
| /* end confdefs.h.  */
| #include <ac_nonexistent.h>
configure:6564: result: gcc -E
configure:6593: gcc -E  conftest.c
configure:6600: $? = 0
configure:6631: gcc -E  conftest.c
conftest.c:10:28: error: ac_nonexistent.h: No such file or directory
configure:6638: $? = 1
configure: failed program was:
| /* confdefs.h.  */
| #define PACKAGE_NAME "hello"
| #define PACKAGE_TARNAME "hello"
| #define PACKAGE_VERSION "2.0"
| #define PACKAGE_STRING "hello 2.0"
| #define PACKAGE_BUGREPORT "gary@gnu.org"
| #define PACKAGE "hello"
| #define VERSION "2.0"
| /* end confdefs.h.  */
| #include <ac_nonexistent.h>
configure:6678: checking for ANSI C header files
configure:6708: gcc -c -g -O2  conftest.c >&5
configure:6715: $? = 0
configure:6814: gcc -o conftest -g -O2   conftest.c  >&5
configure:6818: $? = 0
configure:6824: ./conftest
configure:6828: $? = 0
configure:6846: result: yes
configure:6870: checking for sys/types.h
configure:6891: gcc -c -g -O2  conftest.c >&5
configure:6898: $? = 0
configure:6915: result: yes
configure:6870: checking for sys/stat.h
configure:6891: gcc -c -g -O2  conftest.c >&5
configure:6898: $? = 0
configure:6915: result: yes
configure:6870: checking for stdlib.h
configure:6891: gcc -c -g -O2  conftest.c >&5
configure:6898: $? = 0
configure:6915: result: yes
configure:6870: checking for string.h
configure:6891: gcc -c -g -O2  conftest.c >&5
configure:6898: $? = 0
configure:6915: result: yes
configure:6870: checking for memory.h
configure:6891: gcc -c -g -O2  conftest.c >&5
configure:6898: $? = 0
configure:6915: result: yes
configure:6870: checking for strings.h
configure:6891: gcc -c -g -O2  conftest.c >&5
configure:6898: $? = 0
configure:6915: result: yes
configure:6870: checking for inttypes.h
configure:6891: gcc -c -g -O2  conftest.c >&5
configure:6898: $? = 0
configure:6915: result: yes
configure:6870: checking for stdint.h
configure:6891: gcc -c -g -O2  conftest.c >&5
configure:6898: $? = 0
configure:6915: result: yes
configure:6870: checking for unistd.h
configure:6891: gcc -c -g -O2  conftest.c >&5
configure:6898: $? = 0
configure:6915: result: yes
configure:6933: checking for dlfcn.h
configure:6954: gcc -c -g -O2  conftest.c >&5
configure:6961: $? = 0
configure:6978: result: yes
configure:7164: checking for objdir
configure:7179: result: .libs
configure:7471: checking if gcc supports -fno-rtti -fno-exceptions
configure:7489: gcc -c -g -O2  -fno-rtti -fno-exceptions conftest.c >&5
cc1: warning: command line option "-fno-rtti" is valid for C++/ObjC++ but not for C
configure:7493: $? = 0
configure:7506: result: no
configure:7526: checking for gcc option to produce PIC
configure:7798: result: -fPIC -DPIC
configure:7810: checking if gcc PIC flag -fPIC -DPIC works
configure:7828: gcc -c -g -O2  -fPIC -DPIC -DPIC conftest.c >&5
configure:7832: $? = 0
configure:7845: result: yes
configure:7869: checking if gcc static flag -static works
configure:7897: result: yes
configure:7912: checking if gcc supports -c -o file.o
configure:7933: gcc -c -g -O2  -o out/conftest2.o conftest.c >&5
configure:7937: $? = 0
configure:7959: result: yes
configure:7967: checking if gcc supports -c -o file.o
configure:8014: result: yes
configure:8047: checking whether the gcc linker (/usr/bin/ld) supports shared libraries
configure:9122: result: yes
configure:9159: checking whether -lc should be explicitly linked in
configure:9164: gcc -c -g -O2  conftest.c >&5
configure:9167: $? = 0
configure:9182: gcc -shared conftest.o  -v -Wl,-soname -Wl,conftest -o conftest 2\>\&1 \| /bin/grep  -lc  \>/dev/null 2\>\&1
configure:9185: $? = 0
configure:9197: result: no
configure:9361: checking dynamic linker characteristics
configure:9804: gcc -o conftest -g -O2   -Wl,-rpath -Wl,/foo conftest.c  >&5
configure:9811: $? = 0
configure:10056: result: GNU/Linux ld.so
configure:10158: checking how to hardcode library paths into programs
configure:10183: result: immediate
configure:11016: checking whether stripping libraries is possible
configure:11021: result: yes
configure:11056: checking if libtool supports shared libraries
configure:11058: result: yes
configure:11061: checking whether to build shared libraries
configure:11082: result: yes
configure:11085: checking whether to build static libraries
configure:11089: result: yes
configure:11243: creating ./config.status

## ---------------------- ##
## Running config.status. ##
## ---------------------- ##

This file was extended by hello config.status 2.0, which was
generated by GNU Autoconf 2.63.  Invocation command line was

  CONFIG_FILES    = 
  CONFIG_HEADERS  = 
  CONFIG_LINKS    = 
  CONFIG_COMMANDS = 
  $ ./config.status 

on lihacker-laptop

config.status:981: creating Makefile
config.status:981: creating config-h.in
config.status:1255: executing depfiles commands
config.status:1255: executing libtool commands

## ---------------- ##
## Cache variables. ##
## ---------------- ##

ac_cv_build=i686-pc-linux-gnu
ac_cv_c_compiler_gnu=yes
ac_cv_c_const=yes
ac_cv_env_CC_set=
ac_cv_env_CC_value=
ac_cv_env_CFLAGS_set=
ac_cv_env_CFLAGS_value=
ac_cv_env_CPPFLAGS_set=
ac_cv_env_CPPFLAGS_value=
ac_cv_env_CPP_set=
ac_cv_env_CPP_value=
ac_cv_env_LDFLAGS_set=
ac_cv_env_LDFLAGS_value=
ac_cv_env_LIBS_set=
ac_cv_env_LIBS_value=
ac_cv_env_build_alias_set=
ac_cv_env_build_alias_value=
ac_cv_env_host_alias_set=
ac_cv_env_host_alias_value=
ac_cv_env_target_alias_set=
ac_cv_env_target_alias_value=
ac_cv_header_dlfcn_h=yes
ac_cv_header_inttypes_h=yes
ac_cv_header_memory_h=yes
ac_cv_header_stdc=yes
ac_cv_header_stdint_h=yes
ac_cv_header_stdlib_h=yes
ac_cv_header_string_h=yes
ac_cv_header_strings_h=yes
ac_cv_header_sys_stat_h=yes
ac_cv_header_sys_types_h=yes
ac_cv_header_unistd_h=yes
ac_cv_host=i686-pc-linux-gnu
ac_cv_objext=o
ac_cv_path_EGREP='/bin/grep -E'
ac_cv_path_FGREP='/bin/grep -F'
ac_cv_path_GREP=/bin/grep
ac_cv_path_SED=/bin/sed
ac_cv_path_install='/usr/bin/install -c'
ac_cv_path_mkdir=/bin/mkdir
ac_cv_prog_AWK=gawk
ac_cv_prog_CPP='gcc -E'
ac_cv_prog_ac_ct_AR=ar
ac_cv_prog_ac_ct_CC=gcc
ac_cv_prog_ac_ct_OBJDUMP=objdump
ac_cv_prog_ac_ct_RANLIB=ranlib
ac_cv_prog_ac_ct_STRIP=strip
ac_cv_prog_cc_c89=
ac_cv_prog_cc_g=yes
ac_cv_prog_make_make_set=yes
am_cv_CC_dependencies_compiler_type=gcc3
lt_cv_deplibs_check_method=pass_all
lt_cv_file_magic_cmd='$MAGIC_CMD'
lt_cv_file_magic_test_file=
lt_cv_ld_reload_flag=-r
lt_cv_nm_interface='BSD nm'
lt_cv_objdir=.libs
lt_cv_path_LD=/usr/bin/ld
lt_cv_path_NM='/usr/bin/nm -B'
lt_cv_prog_compiler_c_o=yes
lt_cv_prog_compiler_pic_works=yes
lt_cv_prog_compiler_rtti_exceptions=no
lt_cv_prog_compiler_static_works=yes
lt_cv_prog_gnu_ld=yes
lt_cv_sys_global_symbol_pipe='sed -n -e '\''s/^.*[	 ]\([ABCDGIRSTW][ABCDGIRSTW]*\)[	 ][	 ]*\([_A-Za-z][_A-Za-z0-9]*\)$/\1 \2 \2/p'\'''
lt_cv_sys_global_symbol_to_c_name_address='sed -n -e '\''s/^: \([^ ]*\) $/  {\"\1\", (void *) 0},/p'\'' -e '\''s/^[ABCDGIRSTW]* \([^ ]*\) \([^ ]*\)$/  {"\2", (void *) \&\2},/p'\'''
lt_cv_sys_global_symbol_to_c_name_address_lib_prefix='sed -n -e '\''s/^: \([^ ]*\) $/  {\"\1\", (void *) 0},/p'\'' -e '\''s/^[ABCDGIRSTW]* \([^ ]*\) \(lib[^ ]*\)$/  {"\2", (void *) \&\2},/p'\'' -e '\''s/^[ABCDGIRSTW]* \([^ ]*\) \([^ ]*\)$/  {"lib\2", (void *) \&\2},/p'\'''
lt_cv_sys_global_symbol_to_cdecl='sed -n -e '\''s/^T .* \(.*\)$/extern int \1();/p'\'' -e '\''s/^[ABCDGIRSTW]* .* \(.*\)$/extern char \1;/p'\'''
lt_cv_sys_max_cmd_len=1572864

## ----------------- ##
## Output variables. ##
## ----------------- ##

ACLOCAL='${SHELL} /home/lihacker/develop/svn/ldd6410-read-only/training/autoconf-automake-libtool/hello-2.0/hello/missing --run aclocal-1.10'
AMDEPBACKSLASH='\'
AMDEP_FALSE='#'
AMDEP_TRUE=''
AMTAR='${SHELL} /home/lihacker/develop/svn/ldd6410-read-only/training/autoconf-automake-libtool/hello-2.0/hello/missing --run tar'
AR='ar'
AUTOCONF='${SHELL} /home/lihacker/develop/svn/ldd6410-read-only/training/autoconf-automake-libtool/hello-2.0/hello/missing --run autoconf'
AUTOHEADER='${SHELL} /home/lihacker/develop/svn/ldd6410-read-only/training/autoconf-automake-libtool/hello-2.0/hello/missing --run autoheader'
AUTOMAKE='${SHELL} /home/lihacker/develop/svn/ldd6410-read-only/training/autoconf-automake-libtool/hello-2.0/hello/missing --run automake-1.10'
AWK='gawk'
CC='gcc'
CCDEPMODE='depmode=gcc3'
CFLAGS='-g -O2'
CPP='gcc -E'
CPPFLAGS=''
CYGPATH_W='echo'
DEFS='-DHAVE_CONFIG_H'
DEPDIR='.deps'
DSYMUTIL=''
DUMPBIN=''
ECHO_C=''
ECHO_N='-n'
ECHO_T=''
EGREP='/bin/grep -E'
EXEEXT=''
FGREP='/bin/grep -F'
GREP='/bin/grep'
INSTALL_DATA='${INSTALL} -m 644'
INSTALL_PROGRAM='${INSTALL}'
INSTALL_SCRIPT='${INSTALL}'
INSTALL_STRIP_PROGRAM='$(install_sh) -c -s'
LD='/usr/bin/ld'
LDFLAGS=''
LIBOBJS=''
LIBS=''
LIBTOOL='$(SHELL) $(top_builddir)/libtool'
LIPO=''
LN_S='ln -s'
LTLIBOBJS=''
MAKEINFO='${SHELL} /home/lihacker/develop/svn/ldd6410-read-only/training/autoconf-automake-libtool/hello-2.0/hello/missing --run makeinfo'
MKDIR_P='/bin/mkdir -p'
NM='/usr/bin/nm -B'
NMEDIT=''
OBJDUMP='objdump'
OBJEXT='o'
OTOOL64=''
OTOOL=''
PACKAGE='hello'
PACKAGE_BUGREPORT='gary@gnu.org'
PACKAGE_NAME='hello'
PACKAGE_STRING='hello 2.0'
PACKAGE_TARNAME='hello'
PACKAGE_VERSION='2.0'
PATH_SEPARATOR=':'
RANLIB='ranlib'
SED='/bin/sed'
SET_MAKE=''
SHELL='/bin/bash'
STRIP='strip'
VERSION='2.0'
ac_ct_CC='gcc'
ac_ct_DUMPBIN=''
am__fastdepCC_FALSE='#'
am__fastdepCC_TRUE=''
am__include='include'
am__isrc=''
am__leading_dot='.'
am__quote=''
am__tar='${AMTAR} chof - "$$tardir"'
am__untar='${AMTAR} xf -'
bindir='${exec_prefix}/bin'
build='i686-pc-linux-gnu'
build_alias=''
build_cpu='i686'
build_os='linux-gnu'
build_vendor='pc'
datadir='${datarootdir}'
datarootdir='${prefix}/share'
docdir='${datarootdir}/doc/${PACKAGE_TARNAME}'
dvidir='${docdir}'
exec_prefix='${prefix}'
host='i686-pc-linux-gnu'
host_alias=''
host_cpu='i686'
host_os='linux-gnu'
host_vendor='pc'
htmldir='${docdir}'
includedir='${prefix}/include'
infodir='${datarootdir}/info'
install_sh='$(SHELL) /home/lihacker/develop/svn/ldd6410-read-only/training/autoconf-automake-libtool/hello-2.0/hello/install-sh'
libdir='${exec_prefix}/lib'
libexecdir='${exec_prefix}/libexec'
localedir='${datarootdir}/locale'
localstatedir='${prefix}/var'
lt_ECHO='echo'
mandir='${datarootdir}/man'
mkdir_p='/bin/mkdir -p'
oldincludedir='/usr/include'
pdfdir='${docdir}'
prefix='/usr/local'
program_transform_name='s,x,x,'
psdir='${docdir}'
sbindir='${exec_prefix}/sbin'
sharedstatedir='${prefix}/com'
sysconfdir='${prefix}/etc'
target_alias=''

## ----------- ##
## confdefs.h. ##
## ----------- ##

#define PACKAGE_NAME "hello"
#define PACKAGE_TARNAME "hello"
#define PACKAGE_VERSION "2.0"
#define PACKAGE_STRING "hello 2.0"
#define PACKAGE_BUGREPORT "gary@gnu.org"
#define PACKAGE "hello"
#define VERSION "2.0"
#define STDC_HEADERS 1
#define HAVE_SYS_TYPES_H 1
#define HAVE_SYS_STAT_H 1
#define HAVE_STDLIB_H 1
#define HAVE_STRING_H 1
#define HAVE_MEMORY_H 1
#define HAVE_STRINGS_H 1
#define HAVE_INTTYPES_H 1
#define HAVE_STDINT_H 1
#define HAVE_UNISTD_H 1
#define HAVE_DLFCN_H 1
#define LT_OBJDIR ".libs/"

configure: exit 0
