This file contains any messages produced by compilers while
running configure, to aid debugging if configure makes a mistake.

It was created by tslib configure 0.0.2, which was
generated by GNU Autoconf 2.61.  Invocation command line was

  $ ./configure --host=arm-linux --prefix=/home/bhsong/tslib_build/

## --------- ##
## Platform. ##
## --------- ##

hostname = bhsong-laptop
uname -m = i686
uname -r = 2.6.27-7-generic
uname -s = Linux
uname -v = #1 SMP Fri Oct 24 06:42:44 UTC 2008

/usr/bin/uname -p = unknown
/bin/uname -X     = unknown

/bin/arch              = unknown
/usr/bin/arch -k       = unknown
/usr/convex/getsysinfo = unknown
/usr/bin/hostinfo      = unknown
/bin/machine           = unknown
/usr/bin/oslevel       = unknown
/bin/universe          = unknown

PATH: /opt/uClinux/bfin-uclinux/bin
PATH: /opt/uClinux/bfin-linux-uclibc/bin
PATH: /usr/local/arm/4.2.2-eabi/usr/bin/
PATH: /usr/local/sbin
PATH: /usr/local/bin
PATH: /usr/sbin
PATH: /usr/bin
PATH: /sbin
PATH: /bin
PATH: /usr/games
PATH: /usr/local/arm/4.2.2-eabi/usr/bin


## ----------- ##
## Core tests. ##
## ----------- ##

configure:2038: checking for a BSD-compatible install
configure:2094: result: /usr/bin/install -c
configure:2105: checking whether build environment is sane
configure:2148: result: yes
configure:2176: checking for a thread-safe mkdir -p
configure:2215: result: /bin/mkdir -p
configure:2228: checking for gawk
configure:2258: result: no
configure:2228: checking for mawk
configure:2244: found /usr/bin/mawk
configure:2255: result: mawk
configure:2266: checking whether make sets $(MAKE)
configure:2287: result: yes
configure:2367: checking for arm-linux-strip
configure:2383: found /usr/local/arm/4.2.2-eabi/usr/bin//arm-linux-strip
configure:2394: result: arm-linux-strip
configure:2504: checking for arm-linux-g++
configure:2520: found /usr/local/arm/4.2.2-eabi/usr/bin//arm-linux-g++
configure:2531: result: arm-linux-g++
configure:2606: checking for C++ compiler version
configure:2613: arm-linux-g++ --version >&5
arm-linux-g++ (GCC) 4.2.2
Copyright (C) 2007 Free Software Foundation, Inc.
This is free software; see the source for copying conditions.  There is NO
warranty; not even for MERCHANTABILITY or FITNESS FOR A PARTICULAR PURPOSE.

configure:2616: $? = 0
configure:2623: arm-linux-g++ -v >&5
Using built-in specs.
Target: arm-unknown-linux-gnueabi
Configured with: /home/scsuh/workplace/coffee/buildroot-20071011/toolchain_build_arm/gcc-4.2.2/configure --prefix=/usr --build=i386-pc-linux-gnu --host=i386-pc-linux-gnu --target=arm-unknown-linux-gnueabi --enable-languages=c,c++ --with-sysroot=/usr/local/arm/4.2.2-eabi/ --with-build-time-tools=/usr/local/arm/4.2.2-eabi//usr/arm-unknown-linux-gnueabi/bin --disable-__cxa_atexit --enable-target-optspace --with-gnu-ld --enable-shared --with-gmp=/usr/local/arm/4.2.2-eabi//gmp --with-mpfr=/usr/local/arm/4.2.2-eabi//mpfr --disable-nls --enable-threads --disable-multilib --disable-largefile --with-arch=armv4t --with-float=soft --enable-cxx-flags=-msoft-float
Thread model: posix
gcc version 4.2.2
configure:2626: $? = 0
configure:2633: arm-linux-g++ -V >&5
arm-linux-g++: '-V' option must have argument
configure:2636: $? = 1
configure:2659: checking for C++ compiler default output file name
configure:2686: arm-linux-g++    conftest.cpp  >&5
configure:2689: $? = 0
configure:2727: result: a.out
configure:2744: checking whether the C++ compiler works
configure:2754: ./a.out
./configure: line 2755: ./a.out: cannot execute binary file
configure:2757: $? = 126
configure:2774: result: yes
configure:2781: checking whether we are cross compiling
configure:2783: result: yes
configure:2786: checking for suffix of executables
configure:2793: arm-linux-g++ -o conftest    conftest.cpp  >&5
configure:2796: $? = 0
configure:2820: result: 
configure:2826: checking for suffix of object files
configure:2852: arm-linux-g++ -c   conftest.cpp >&5
configure:2855: $? = 0
configure:2878: result: o
configure:2882: checking whether we are using the GNU C++ compiler
configure:2911: arm-linux-g++ -c   conftest.cpp >&5
configure:2917: $? = 0
configure:2934: result: yes
configure:2939: checking whether arm-linux-g++ accepts -g
configure:2969: arm-linux-g++ -c -g  conftest.cpp >&5
configure:2975: $? = 0
configure:3074: result: yes
configure:3108: checking for style of include used by make
configure:3136: result: GNU
configure:3161: checking dependency style of arm-linux-g++
configure:3252: result: gcc3
configure:3275: checking for arm-linux-gcc
configure:3291: found /usr/local/arm/4.2.2-eabi/usr/bin//arm-linux-gcc
configure:3302: result: arm-linux-gcc
configure:3580: checking for C compiler version
configure:3587: arm-linux-gcc --version >&5
arm-linux-gcc (GCC) 4.2.2
Copyright (C) 2007 Free Software Foundation, Inc.
This is free software; see the source for copying conditions.  There is NO
warranty; not even for MERCHANTABILITY or FITNESS FOR A PARTICULAR PURPOSE.

configure:3590: $? = 0
configure:3597: arm-linux-gcc -v >&5
Using built-in specs.
Target: arm-unknown-linux-gnueabi
Configured with: /home/scsuh/workplace/coffee/buildroot-20071011/toolchain_build_arm/gcc-4.2.2/configure --prefix=/usr --build=i386-pc-linux-gnu --host=i386-pc-linux-gnu --target=arm-unknown-linux-gnueabi --enable-languages=c,c++ --with-sysroot=/usr/local/arm/4.2.2-eabi/ --with-build-time-tools=/usr/local/arm/4.2.2-eabi//usr/arm-unknown-linux-gnueabi/bin --disable-__cxa_atexit --enable-target-optspace --with-gnu-ld --enable-shared --with-gmp=/usr/local/arm/4.2.2-eabi//gmp --with-mpfr=/usr/local/arm/4.2.2-eabi//mpfr --disable-nls --enable-threads --disable-multilib --disable-largefile --with-arch=armv4t --with-float=soft --enable-cxx-flags=-msoft-float
Thread model: posix
gcc version 4.2.2
configure:3600: $? = 0
configure:3607: arm-linux-gcc -V >&5
arm-linux-gcc: '-V' option must have argument
configure:3610: $? = 1
configure:3613: checking whether we are using the GNU C compiler
configure:3642: arm-linux-gcc -c -O2 -Wall -W  conftest.c >&5
configure:3648: $? = 0
configure:3665: result: yes
configure:3670: checking whether arm-linux-gcc accepts -g
configure:3700: arm-linux-gcc -c -g  conftest.c >&5
configure:3706: $? = 0
configure:3805: result: yes
configure:3822: checking for arm-linux-gcc option to accept ISO C89
configure:3896: arm-linux-gcc  -c -O2 -Wall -W  conftest.c >&5
configure:3902: $? = 0
configure:3925: result: none needed
configure:3945: checking dependency style of arm-linux-gcc
configure:4036: result: gcc3
configure:4056: checking how to run the C preprocessor
configure:4096: arm-linux-gcc -E  conftest.c
configure:4102: $? = 0
configure:4133: arm-linux-gcc -E  conftest.c
conftest.c:10:28: error: ac_nonexistent.h: No such file or directory
configure:4139: $? = 1
configure: failed program was:
| /* confdefs.h.  */
| #define PACKAGE_NAME "tslib"
| #define PACKAGE_TARNAME "tslib"
| #define PACKAGE_VERSION "0.0.2"
| #define PACKAGE_STRING "tslib 0.0.2"
| #define PACKAGE_BUGREPORT "kergoth@handhelds.org"
| #define PACKAGE "tslib"
| #define VERSION "0.0.2"
| /* end confdefs.h.  */
| #include <ac_nonexistent.h>
configure:4172: result: arm-linux-gcc -E
configure:4201: arm-linux-gcc -E  conftest.c
configure:4207: $? = 0
configure:4238: arm-linux-gcc -E  conftest.c
conftest.c:10:28: error: ac_nonexistent.h: No such file or directory
configure:4244: $? = 1
configure: failed program was:
| /* confdefs.h.  */
| #define PACKAGE_NAME "tslib"
| #define PACKAGE_TARNAME "tslib"
| #define PACKAGE_VERSION "0.0.2"
| #define PACKAGE_STRING "tslib 0.0.2"
| #define PACKAGE_BUGREPORT "kergoth@handhelds.org"
| #define PACKAGE "tslib"
| #define VERSION "0.0.2"
| /* end confdefs.h.  */
| #include <ac_nonexistent.h>
configure:4285: checking whether the C compiler supports -fvisibility=hidden
configure:4312: arm-linux-gcc -c -fvisibility=hidden -O2 -Wall -W  conftest.c >&5
configure:4318: $? = 0
configure:4334: result: yes
configure:4342: checking whether to use -fvisibility=hidden
configure:4355: result: yes
configure:4377: checking for a BSD-compatible install
configure:4433: result: /usr/bin/install -c
configure:4444: checking whether ln -s works
configure:4448: result: yes
configure:4455: checking whether make sets $(MAKE)
configure:4476: result: yes
configure:4582: checking build system type
configure:4600: result: i686-pc-linux-gnu
configure:4622: checking host system type
configure:4637: result: arm-unknown-linux-gnu
configure:4659: checking for a sed that does not truncate output
configure:4738: result: /bin/sed
configure:4756: checking for grep that handles long lines and -e
configure:4830: result: /bin/grep
configure:4835: checking for egrep
configure:4913: result: /bin/grep -E
configure:4918: checking for fgrep
configure:4996: result: /bin/grep -F
configure:5031: checking for ld used by arm-linux-gcc
configure:5098: result: /usr/local/arm/4.2.2-eabi/usr/arm-unknown-linux-gnueabi/bin/ld
configure:5107: checking if the linker (/usr/local/arm/4.2.2-eabi/usr/arm-unknown-linux-gnueabi/bin/ld) is GNU ld
configure:5122: result: yes
configure:5134: checking for BSD- or MS-compatible name lister (nm)
configure:5183: result: /usr/local/arm/4.2.2-eabi/usr/bin//arm-linux-nm -B
configure:5305: checking the name lister (/usr/local/arm/4.2.2-eabi/usr/bin//arm-linux-nm -B) interface
configure:5312: arm-linux-gcc -c -DGCC_HASCLASSVISIBILITY -O2 -Wall -W  conftest.c >&5
configure:5315: /usr/local/arm/4.2.2-eabi/usr/bin//arm-linux-nm -B "conftest.o"
configure:5318: output
00000000 B some_variable
configure:5325: result: BSD nm
configure:5329: checking the maximum length of command line arguments
configure:5449: result: 32768
configure:5466: checking whether the shell understands some XSI constructs
configure:5476: result: yes
configure:5480: checking whether the shell understands "+="
configure:5486: result: yes
configure:5521: checking for /usr/local/arm/4.2.2-eabi/usr/arm-unknown-linux-gnueabi/bin/ld option to reload object files
configure:5528: result: -r
configure:5555: checking how to recognize dependent libraries
configure:5745: result: pass_all
configure:5765: checking for arm-linux-ar
configure:5781: found /usr/local/arm/4.2.2-eabi/usr/bin//arm-linux-ar
configure:5792: result: arm-linux-ar
configure:5874: checking for arm-linux-strip
configure:5901: result: arm-linux-strip
configure:5977: checking for arm-linux-ranlib
configure:5993: found /usr/local/arm/4.2.2-eabi/usr/bin//arm-linux-ranlib
configure:6004: result: arm-linux-ranlib
configure:6138: checking command to parse /usr/local/arm/4.2.2-eabi/usr/bin//arm-linux-nm -B output from arm-linux-gcc object
configure:6256: arm-linux-gcc -c -DGCC_HASCLASSVISIBILITY -O2 -Wall -W  conftest.c >&5
configure:6259: $? = 0
configure:6263: /usr/local/arm/4.2.2-eabi/usr/bin//arm-linux-nm -B conftest.o \| sed -n -e 's/^.*[	 ]\([ABCDGIRSTW][ABCDGIRSTW]*\)[	 ][	 ]*\([_A-Za-z][_A-Za-z0-9]*\)$/\1 \2 \2/p' \> conftest.nm
configure:6266: $? = 0
configure:6320: arm-linux-gcc -o conftest -DGCC_HASCLASSVISIBILITY -O2 -Wall -W   conftest.c conftstm.o >&5
configure:6323: $? = 0
configure:6361: result: ok
configure:7235: checking for ANSI C header files
configure:7265: arm-linux-gcc -c -DGCC_HASCLASSVISIBILITY -O2 -Wall -W  conftest.c >&5
configure:7271: $? = 0
configure:7399: result: yes
configure:7423: checking for sys/types.h
configure:7444: arm-linux-gcc -c -DGCC_HASCLASSVISIBILITY -O2 -Wall -W  conftest.c >&5
configure:7450: $? = 0
configure:7466: result: yes
configure:7423: checking for sys/stat.h
configure:7444: arm-linux-gcc -c -DGCC_HASCLASSVISIBILITY -O2 -Wall -W  conftest.c >&5
configure:7450: $? = 0
configure:7466: result: yes
configure:7423: checking for stdlib.h
configure:7444: arm-linux-gcc -c -DGCC_HASCLASSVISIBILITY -O2 -Wall -W  conftest.c >&5
configure:7450: $? = 0
configure:7466: result: yes
configure:7423: checking for string.h
configure:7444: arm-linux-gcc -c -DGCC_HASCLASSVISIBILITY -O2 -Wall -W  conftest.c >&5
configure:7450: $? = 0
configure:7466: result: yes
configure:7423: checking for memory.h
configure:7444: arm-linux-gcc -c -DGCC_HASCLASSVISIBILITY -O2 -Wall -W  conftest.c >&5
configure:7450: $? = 0
configure:7466: result: yes
configure:7423: checking for strings.h
configure:7444: arm-linux-gcc -c -DGCC_HASCLASSVISIBILITY -O2 -Wall -W  conftest.c >&5
configure:7450: $? = 0
configure:7466: result: yes
configure:7423: checking for inttypes.h
configure:7444: arm-linux-gcc -c -DGCC_HASCLASSVISIBILITY -O2 -Wall -W  conftest.c >&5
configure:7450: $? = 0
configure:7466: result: yes
configure:7423: checking for stdint.h
configure:7444: arm-linux-gcc -c -DGCC_HASCLASSVISIBILITY -O2 -Wall -W  conftest.c >&5
configure:7450: $? = 0
configure:7466: result: yes
configure:7423: checking for unistd.h
configure:7444: arm-linux-gcc -c -DGCC_HASCLASSVISIBILITY -O2 -Wall -W  conftest.c >&5
configure:7450: $? = 0
configure:7466: result: yes
configure:7482: checking for dlfcn.h
configure:7503: arm-linux-gcc -c -DGCC_HASCLASSVISIBILITY -O2 -Wall -W  conftest.c >&5
configure:7509: $? = 0
configure:7525: result: yes
configure:7654: checking for C++ compiler version
configure:7661: arm-linux-g++ --version >&5
arm-linux-g++ (GCC) 4.2.2
Copyright (C) 2007 Free Software Foundation, Inc.
This is free software; see the source for copying conditions.  There is NO
warranty; not even for MERCHANTABILITY or FITNESS FOR A PARTICULAR PURPOSE.

configure:7664: $? = 0
configure:7671: arm-linux-g++ -v >&5
Using built-in specs.
Target: arm-unknown-linux-gnueabi
Configured with: /home/scsuh/workplace/coffee/buildroot-20071011/toolchain_build_arm/gcc-4.2.2/configure --prefix=/usr --build=i386-pc-linux-gnu --host=i386-pc-linux-gnu --target=arm-unknown-linux-gnueabi --enable-languages=c,c++ --with-sysroot=/usr/local/arm/4.2.2-eabi/ --with-build-time-tools=/usr/local/arm/4.2.2-eabi//usr/arm-unknown-linux-gnueabi/bin --disable-__cxa_atexit --enable-target-optspace --with-gnu-ld --enable-shared --with-gmp=/usr/local/arm/4.2.2-eabi//gmp --with-mpfr=/usr/local/arm/4.2.2-eabi//mpfr --disable-nls --enable-threads --disable-multilib --disable-largefile --with-arch=armv4t --with-float=soft --enable-cxx-flags=-msoft-float
Thread model: posix
gcc version 4.2.2
configure:7674: $? = 0
configure:7681: arm-linux-g++ -V >&5
arm-linux-g++: '-V' option must have argument
configure:7684: $? = 1
configure:7687: checking whether we are using the GNU C++ compiler
configure:7739: result: yes
configure:7744: checking whether arm-linux-g++ accepts -g
configure:7879: result: yes
configure:7904: checking dependency style of arm-linux-g++
configure:7995: result: gcc3
configure:8018: checking how to run the C++ preprocessor
configure:8054: arm-linux-g++ -E  conftest.cpp
configure:8060: $? = 0
configure:8091: arm-linux-g++ -E  conftest.cpp
conftest.cpp:21:28: error: ac_nonexistent.h: No such file or directory
configure:8097: $? = 1
configure: failed program was:
| /* confdefs.h.  */
| #define PACKAGE_NAME "tslib"
| #define PACKAGE_TARNAME "tslib"
| #define PACKAGE_VERSION "0.0.2"
| #define PACKAGE_STRING "tslib 0.0.2"
| #define PACKAGE_BUGREPORT "kergoth@handhelds.org"
| #define PACKAGE "tslib"
| #define VERSION "0.0.2"
| #define STDC_HEADERS 1
| #define HAVE_SYS_TYPES_H 1
| #define HAVE_SYS_STAT_H 1
| #define HAVE_STDLIB_H 1
| #define HAVE_STRING_H 1
| #define HAVE_MEMORY_H 1
| #define HAVE_STRINGS_H 1
| #define HAVE_INTTYPES_H 1
| #define HAVE_STDINT_H 1
| #define HAVE_UNISTD_H 1
| #define HAVE_DLFCN_H 1
| /* end confdefs.h.  */
| #include <ac_nonexistent.h>
configure:8130: result: arm-linux-g++ -E
configure:8159: arm-linux-g++ -E  conftest.cpp
configure:8165: $? = 0
configure:8196: arm-linux-g++ -E  conftest.cpp
conftest.cpp:21:28: error: ac_nonexistent.h: No such file or directory
configure:8202: $? = 1
configure: failed program was:
| /* confdefs.h.  */
| #define PACKAGE_NAME "tslib"
| #define PACKAGE_TARNAME "tslib"
| #define PACKAGE_VERSION "0.0.2"
| #define PACKAGE_STRING "tslib 0.0.2"
| #define PACKAGE_BUGREPORT "kergoth@handhelds.org"
| #define PACKAGE "tslib"
| #define VERSION "0.0.2"
| #define STDC_HEADERS 1
| #define HAVE_SYS_TYPES_H 1
| #define HAVE_SYS_STAT_H 1
| #define HAVE_STDLIB_H 1
| #define HAVE_STRING_H 1
| #define HAVE_MEMORY_H 1
| #define HAVE_STRINGS_H 1
| #define HAVE_INTTYPES_H 1
| #define HAVE_STDINT_H 1
| #define HAVE_UNISTD_H 1
| #define HAVE_DLFCN_H 1
| /* end confdefs.h.  */
| #include <ac_nonexistent.h>
configure:8352: checking for objdir
configure:8367: result: .libs
configure:8663: checking if arm-linux-gcc supports -fno-rtti -fno-exceptions
configure:8681: arm-linux-gcc -c -DGCC_HASCLASSVISIBILITY -O2 -Wall -W  -fno-rtti -fno-exceptions conftest.c >&5
cc1: warning: command line option "-fno-rtti" is valid for C++/ObjC++ but not for C
cc1: warning: command line option "-fno-rtti" is valid for C++/ObjC++ but not for C
configure:8685: $? = 0
configure:8698: result: no
configure:8718: checking for arm-linux-gcc option to produce PIC
configure:8975: result: -fPIC -DPIC
configure:8987: checking if arm-linux-gcc PIC flag -fPIC -DPIC works
configure:9005: arm-linux-gcc -c -DGCC_HASCLASSVISIBILITY -O2 -Wall -W  -fPIC -DPIC -DPIC conftest.c >&5
configure:9009: $? = 0
configure:9022: result: yes
configure:9046: checking if arm-linux-gcc static flag -static works
configure:9074: result: yes
configure:9089: checking if arm-linux-gcc supports -c -o file.o
configure:9110: arm-linux-gcc -c -DGCC_HASCLASSVISIBILITY -O2 -Wall -W  -o out/conftest2.o conftest.c >&5
configure:9114: $? = 0
configure:9136: result: yes
configure:9144: checking if arm-linux-gcc supports -c -o file.o
configure:9191: result: yes
configure:9224: checking whether the arm-linux-gcc linker (/usr/local/arm/4.2.2-eabi/usr/arm-unknown-linux-gnueabi/bin/ld) supports shared libraries
configure:10279: result: yes
configure:10316: checking whether -lc should be explicitly linked in
configure:10321: arm-linux-gcc -c -DGCC_HASCLASSVISIBILITY -O2 -Wall -W  conftest.c >&5
configure:10324: $? = 0
configure:10339: arm-linux-gcc -shared conftest.o  -v -Wl,-soname -Wl,conftest -o conftest 2\>\&1 \| /bin/grep  -lc  \>/dev/null 2\>\&1
configure:10342: $? = 0
configure:10354: result: no
configure:10518: checking dynamic linker characteristics
configure:10961: arm-linux-gcc -o conftest -DGCC_HASCLASSVISIBILITY -O2 -Wall -W   -Wl,-rpath -Wl,/foo conftest.c  >&5
configure:10967: $? = 0
configure:11209: result: GNU/Linux ld.so
configure:11311: checking how to hardcode library paths into programs
configure:11336: result: immediate
configure:11455: checking for shl_load
configure:11511: arm-linux-gcc -o conftest -DGCC_HASCLASSVISIBILITY -O2 -Wall -W   conftest.c  >&5
/tmp/ccQLnomO.o: In function `main':
conftest.c:(.text+0x8): undefined reference to `shl_load'
collect2: ld returned 1 exit status
configure:11517: $? = 1
configure: failed program was:
| /* confdefs.h.  */
| #define PACKAGE_NAME "tslib"
| #define PACKAGE_TARNAME "tslib"
| #define PACKAGE_VERSION "0.0.2"
| #define PACKAGE_STRING "tslib 0.0.2"
| #define PACKAGE_BUGREPORT "kergoth@handhelds.org"
| #define PACKAGE "tslib"
| #define VERSION "0.0.2"
| #define STDC_HEADERS 1
| #define HAVE_SYS_TYPES_H 1
| #define HAVE_SYS_STAT_H 1
| #define HAVE_STDLIB_H 1
| #define HAVE_STRING_H 1
| #define HAVE_MEMORY_H 1
| #define HAVE_STRINGS_H 1
| #define HAVE_INTTYPES_H 1
| #define HAVE_STDINT_H 1
| #define HAVE_UNISTD_H 1
| #define HAVE_DLFCN_H 1
| #define LT_OBJDIR ".libs/"
| /* end confdefs.h.  */
| /* Define shl_load to an innocuous variant, in case <limits.h> declares shl_load.
|    For example, HP-UX 11i <limits.h> declares gettimeofday.  */
| #define shl_load innocuous_shl_load
| 
| /* System header to define __stub macros and hopefully few prototypes,
|     which can conflict with char shl_load (); below.
|     Prefer <limits.h> to <assert.h> if __STDC__ is defined, since
|     <limits.h> exists even on freestanding compilers.  */
| 
| #ifdef __STDC__
| # include <limits.h>
| #else
| # include <assert.h>
| #endif
| 
| #undef shl_load
| 
| /* Override any GCC internal prototype to avoid an error.
|    Use char because int might match the return type of a GCC
|    builtin and then its argument prototype would still apply.  */
| #ifdef __cplusplus
| extern "C"
| #endif
| char shl_load ();
| /* The GNU C library defines this for functions which it implements
|     to always fail with ENOSYS.  Some functions are actually named
|     something starting with __ and the normal name is an alias.  */
| #if defined __stub_shl_load || defined __stub___shl_load
| choke me
| #endif
| 
| int
| main ()
| {
| return shl_load ();
|   ;
|   return 0;
| }
configure:11534: result: no
configure:11539: checking for shl_load in -ldld
configure:11574: arm-linux-gcc -o conftest -DGCC_HASCLASSVISIBILITY -O2 -Wall -W   conftest.c -ldld   >&5
/usr/local/arm/4.2.2-eabi/usr/bin-ccache/../lib/gcc/arm-unknown-linux-gnueabi/4.2.2/../../../../arm-unknown-linux-gnueabi/bin/ld: cannot find -ldld
collect2: ld returned 1 exit status
configure:11580: $? = 1
configure: failed program was:
| /* confdefs.h.  */
| #define PACKAGE_NAME "tslib"
| #define PACKAGE_TARNAME "tslib"
| #define PACKAGE_VERSION "0.0.2"
| #define PACKAGE_STRING "tslib 0.0.2"
| #define PACKAGE_BUGREPORT "kergoth@handhelds.org"
| #define PACKAGE "tslib"
| #define VERSION "0.0.2"
| #define STDC_HEADERS 1
| #define HAVE_SYS_TYPES_H 1
| #define HAVE_SYS_STAT_H 1
| #define HAVE_STDLIB_H 1
| #define HAVE_STRING_H 1
| #define HAVE_MEMORY_H 1
| #define HAVE_STRINGS_H 1
| #define HAVE_INTTYPES_H 1
| #define HAVE_STDINT_H 1
| #define HAVE_UNISTD_H 1
| #define HAVE_DLFCN_H 1
| #define LT_OBJDIR ".libs/"
| /* end confdefs.h.  */
| 
| /* Override any GCC internal prototype to avoid an error.
|    Use char because int might match the return type of a GCC
|    builtin and then its argument prototype would still apply.  */
| #ifdef __cplusplus
| extern "C"
| #endif
| char shl_load ();
| int
| main ()
| {
| return shl_load ();
|   ;
|   return 0;
| }
configure:11598: result: no
configure:11603: checking for dlopen
configure:11659: arm-linux-gcc -o conftest -DGCC_HASCLASSVISIBILITY -O2 -Wall -W   conftest.c  >&5
/tmp/ccobREQe.o: In function `main':
conftest.c:(.text+0x8): undefined reference to `dlopen'
collect2: ld returned 1 exit status
configure:11665: $? = 1
configure: failed program was:
| /* confdefs.h.  */
| #define PACKAGE_NAME "tslib"
| #define PACKAGE_TARNAME "tslib"
| #define PACKAGE_VERSION "0.0.2"
| #define PACKAGE_STRING "tslib 0.0.2"
| #define PACKAGE_BUGREPORT "kergoth@handhelds.org"
| #define PACKAGE "tslib"
| #define VERSION "0.0.2"
| #define STDC_HEADERS 1
| #define HAVE_SYS_TYPES_H 1
| #define HAVE_SYS_STAT_H 1
| #define HAVE_STDLIB_H 1
| #define HAVE_STRING_H 1
| #define HAVE_MEMORY_H 1
| #define HAVE_STRINGS_H 1
| #define HAVE_INTTYPES_H 1
| #define HAVE_STDINT_H 1
| #define HAVE_UNISTD_H 1
| #define HAVE_DLFCN_H 1
| #define LT_OBJDIR ".libs/"
| /* end confdefs.h.  */
| /* Define dlopen to an innocuous variant, in case <limits.h> declares dlopen.
|    For example, HP-UX 11i <limits.h> declares gettimeofday.  */
| #define dlopen innocuous_dlopen
| 
| /* System header to define __stub macros and hopefully few prototypes,
|     which can conflict with char dlopen (); below.
|     Prefer <limits.h> to <assert.h> if __STDC__ is defined, since
|     <limits.h> exists even on freestanding compilers.  */
| 
| #ifdef __STDC__
| # include <limits.h>
| #else
| # include <assert.h>
| #endif
| 
| #undef dlopen
| 
| /* Override any GCC internal prototype to avoid an error.
|    Use char because int might match the return type of a GCC
|    builtin and then its argument prototype would still apply.  */
| #ifdef __cplusplus
| extern "C"
| #endif
| char dlopen ();
| /* The GNU C library defines this for functions which it implements
|     to always fail with ENOSYS.  Some functions are actually named
|     something starting with __ and the normal name is an alias.  */
| #if defined __stub_dlopen || defined __stub___dlopen
| choke me
| #endif
| 
| int
| main ()
| {
| return dlopen ();
|   ;
|   return 0;
| }
configure:11682: result: no
configure:11687: checking for dlopen in -ldl
configure:11722: arm-linux-gcc -o conftest -DGCC_HASCLASSVISIBILITY -O2 -Wall -W   conftest.c -ldl   >&5
configure:11728: $? = 0
configure:11746: result: yes
configure:11915: checking whether a program can dlopen itself
configure:12010: result: cross
configure:12149: checking whether stripping libraries is possible
configure:12154: result: yes
configure:12189: checking if libtool supports shared libraries
configure:12191: result: yes
configure:12194: checking whether to build shared libraries
configure:12215: result: yes
configure:12218: checking whether to build static libraries
configure:12222: result: no
configure:12372: checking for ld used by arm-linux-g++
configure:12439: result: /usr/local/arm/4.2.2-eabi/usr/arm-unknown-linux-gnueabi/bin/ld
configure:12448: checking if the linker (/usr/local/arm/4.2.2-eabi/usr/arm-unknown-linux-gnueabi/bin/ld) is GNU ld
configure:12463: result: yes
configure:12518: checking whether the arm-linux-g++ linker (/usr/local/arm/4.2.2-eabi/usr/arm-unknown-linux-gnueabi/bin/ld) supports shared libraries
configure:13480: result: yes
configure:13508: arm-linux-g++ -c -g -O2  conftest.cpp >&5
configure:13511: $? = 0
configure:13693: checking for arm-linux-g++ option to produce PIC
configure:14002: result: -fPIC -DPIC
configure:14011: checking if arm-linux-g++ PIC flag -fPIC -DPIC works
configure:14029: arm-linux-g++ -c -g -O2  -fPIC -DPIC -DPIC conftest.cpp >&5
configure:14033: $? = 0
configure:14046: result: yes
configure:14067: checking if arm-linux-g++ static flag -static works
configure:14095: result: yes
configure:14107: checking if arm-linux-g++ supports -c -o file.o
configure:14128: arm-linux-g++ -c -g -O2  -o out/conftest2.o conftest.cpp >&5
configure:14132: $? = 0
configure:14154: result: yes
configure:14159: checking if arm-linux-g++ supports -c -o file.o
configure:14206: result: yes
configure:14236: checking whether the arm-linux-g++ linker (/usr/local/arm/4.2.2-eabi/usr/arm-unknown-linux-gnueabi/bin/ld) supports shared libraries
configure:14265: result: yes
configure:14402: checking dynamic linker characteristics
configure:14793: arm-linux-g++ -o conftest -g -O2   -Wl,-rpath -Wl,/foo conftest.cpp  >&5
configure:14799: $? = 0
configure:15041: result: GNU/Linux ld.so
configure:15092: checking how to hardcode library paths into programs
configure:15117: result: immediate
configure:15178: checking for dlopen in -ldl
configure:15237: result: yes
configure:15252: checking for working alloca.h
configure:15279: arm-linux-gcc -o conftest -DGCC_HASCLASSVISIBILITY -O2 -Wall -W   conftest.c -ldl  >&5
configure:15285: $? = 0
configure:15302: result: yes
configure:15312: checking for alloca
configure:15359: arm-linux-gcc -o conftest -DGCC_HASCLASSVISIBILITY -O2 -Wall -W   conftest.c -ldl  >&5
configure:15365: $? = 0
configure:15382: result: yes
configure:15609: checking for ANSI C header files
configure:15773: result: yes
configure:15804: checking fcntl.h usability
configure:15821: arm-linux-gcc -c -DGCC_HASCLASSVISIBILITY -O2 -Wall -W  conftest.c >&5
configure:15827: $? = 0
configure:15841: result: yes
configure:15845: checking fcntl.h presence
configure:15860: arm-linux-gcc -E  conftest.c
configure:15866: $? = 0
configure:15880: result: yes
configure:15913: checking for fcntl.h
configure:15921: result: yes
configure:15804: checking limits.h usability
configure:15821: arm-linux-gcc -c -DGCC_HASCLASSVISIBILITY -O2 -Wall -W  conftest.c >&5
configure:15827: $? = 0
configure:15841: result: yes
configure:15845: checking limits.h presence
configure:15860: arm-linux-gcc -E  conftest.c
configure:15866: $? = 0
configure:15880: result: yes
configure:15913: checking for limits.h
configure:15921: result: yes
configure:15794: checking for stdlib.h
configure:15800: result: yes
configure:15794: checking for string.h
configure:15800: result: yes
configure:15804: checking sys/ioctl.h usability
configure:15821: arm-linux-gcc -c -DGCC_HASCLASSVISIBILITY -O2 -Wall -W  conftest.c >&5
configure:15827: $? = 0
configure:15841: result: yes
configure:15845: checking sys/ioctl.h presence
configure:15860: arm-linux-gcc -E  conftest.c
configure:15866: $? = 0
configure:15880: result: yes
configure:15913: checking for sys/ioctl.h
configure:15921: result: yes
configure:15804: checking sys/time.h usability
configure:15821: arm-linux-gcc -c -DGCC_HASCLASSVISIBILITY -O2 -Wall -W  conftest.c >&5
configure:15827: $? = 0
configure:15841: result: yes
configure:15845: checking sys/time.h presence
configure:15860: arm-linux-gcc -E  conftest.c
configure:15866: $? = 0
configure:15880: result: yes
configure:15913: checking for sys/time.h
configure:15921: result: yes
configure:15794: checking for unistd.h
configure:15800: result: yes
configure:15936: checking for an ANSI C-conforming const
configure:16011: arm-linux-gcc -c -DGCC_HASCLASSVISIBILITY -O2 -Wall -W  conftest.c >&5
conftest.c: In function 'main':
conftest.c:62: warning: 't' is used uninitialized in this function
conftest.c:78: warning: 'b' is used uninitialized in this function
conftest.c:84: warning: 'cs[0]' is used uninitialized in this function
configure:16017: $? = 0
configure:16032: result: yes
configure:16042: checking for inline
configure:16068: arm-linux-gcc -c -DGCC_HASCLASSVISIBILITY -O2 -Wall -W  conftest.c >&5
configure:16074: $? = 0
configure:16092: result: inline
configure:16111: checking for size_t
configure:16141: arm-linux-gcc -c -DGCC_HASCLASSVISIBILITY -O2 -Wall -W  conftest.c >&5
configure:16147: $? = 0
configure:16162: result: yes
configure:16174: checking whether time.h and sys/time.h may both be included
configure:16204: arm-linux-gcc -c -DGCC_HASCLASSVISIBILITY -O2 -Wall -W  conftest.c >&5
configure:16210: $? = 0
configure:16225: result: yes
configure:16238: checking whether arm-linux-gcc needs -traditional
configure:16280: result: no
configure:16292: checking for stdlib.h
configure:16298: result: yes
configure:16432: checking for GNU libc compatible malloc
configure:16494: result: no
configure:16528: checking for stdlib.h
configure:16534: result: yes
configure:16528: checking for unistd.h
configure:16534: result: yes
configure:16672: checking for getpagesize
configure:16728: arm-linux-gcc -o conftest -DGCC_HASCLASSVISIBILITY -O2 -Wall -W   conftest.c -ldl  >&5
configure:16734: $? = 0
configure:16752: result: yes
configure:16762: checking for working mmap
configure:16937: result: no
configure:16964: checking sys/select.h usability
configure:16981: arm-linux-gcc -c -DGCC_HASCLASSVISIBILITY -O2 -Wall -W  conftest.c >&5
configure:16987: $? = 0
configure:17001: result: yes
configure:17005: checking sys/select.h presence
configure:17020: arm-linux-gcc -E  conftest.c
configure:17026: $? = 0
configure:17040: result: yes
configure:17073: checking for sys/select.h
configure:17081: result: yes
configure:16964: checking sys/socket.h usability
configure:16981: arm-linux-gcc -c -DGCC_HASCLASSVISIBILITY -O2 -Wall -W  conftest.c >&5
configure:16987: $? = 0
configure:17001: result: yes
configure:17005: checking sys/socket.h presence
configure:17020: arm-linux-gcc -E  conftest.c
configure:17026: $? = 0
configure:17040: result: yes
configure:17073: checking for sys/socket.h
configure:17081: result: yes
configure:17094: checking types of arguments for select
configure:17132: arm-linux-gcc -c -DGCC_HASCLASSVISIBILITY -O2 -Wall -W  conftest.c >&5
configure:17138: $? = 0
configure:17159: result: int,fd_set *,struct timeval *
configure:17182: checking return type of signal handlers
configure:17210: arm-linux-gcc -c -DGCC_HASCLASSVISIBILITY -O2 -Wall -W  conftest.c >&5
conftest.c: In function 'main':
conftest.c:51: error: void value not ignored as it ought to be
configure:17216: $? = 1
configure: failed program was:
| /* confdefs.h.  */
| #define PACKAGE_NAME "tslib"
| #define PACKAGE_TARNAME "tslib"
| #define PACKAGE_VERSION "0.0.2"
| #define PACKAGE_STRING "tslib 0.0.2"
| #define PACKAGE_BUGREPORT "kergoth@handhelds.org"
| #define PACKAGE "tslib"
| #define VERSION "0.0.2"
| #define STDC_HEADERS 1
| #define HAVE_SYS_TYPES_H 1
| #define HAVE_SYS_STAT_H 1
| #define HAVE_STDLIB_H 1
| #define HAVE_STRING_H 1
| #define HAVE_MEMORY_H 1
| #define HAVE_STRINGS_H 1
| #define HAVE_INTTYPES_H 1
| #define HAVE_STDINT_H 1
| #define HAVE_UNISTD_H 1
| #define HAVE_DLFCN_H 1
| #define LT_OBJDIR ".libs/"
| #define HAVE_LIBDL 1
| #define HAVE_ALLOCA_H 1
| #define HAVE_ALLOCA 1
| #define STDC_HEADERS 1
| #define HAVE_FCNTL_H 1
| #define HAVE_LIMITS_H 1
| #define HAVE_STDLIB_H 1
| #define HAVE_STRING_H 1
| #define HAVE_SYS_IOCTL_H 1
| #define HAVE_SYS_TIME_H 1
| #define HAVE_UNISTD_H 1
| #define TIME_WITH_SYS_TIME 1
| #define HAVE_STDLIB_H 1
| #define HAVE_MALLOC 0
| #define malloc rpl_malloc
| #define HAVE_STDLIB_H 1
| #define HAVE_UNISTD_H 1
| #define HAVE_GETPAGESIZE 1
| #define HAVE_SYS_SELECT_H 1
| #define HAVE_SYS_SOCKET_H 1
| #define SELECT_TYPE_ARG1 int
| #define SELECT_TYPE_ARG234 (fd_set *)
| #define SELECT_TYPE_ARG5 (struct timeval *)
| /* end confdefs.h.  */
| #include <sys/types.h>
| #include <signal.h>
| 
| int
| main ()
| {
| return *(signal (0, 0)) (0) == 1;
|   ;
|   return 0;
| }
configure:17231: result: void
configure:17239: checking whether lstat dereferences a symlink specified with a trailing slash
configure:17310: result: no
configure:17329: checking whether stat accepts an empty string
configure:17387: result: yes
configure:17407: checking for vprintf
configure:17463: arm-linux-gcc -o conftest -DGCC_HASCLASSVISIBILITY -O2 -Wall -W   conftest.c -ldl  >&5
conftest.c:70: warning: conflicting types for built-in function 'vprintf'
configure:17469: $? = 0
configure:17487: result: yes
configure:17494: checking for _doprnt
configure:17550: arm-linux-gcc -o conftest -DGCC_HASCLASSVISIBILITY -O2 -Wall -W   conftest.c -ldl  >&5
/tmp/cc0Ek0lf.o: In function `main':
conftest.c:(.text+0x8): undefined reference to `_doprnt'
collect2: ld returned 1 exit status
configure:17556: $? = 1
configure: failed program was:
| /* confdefs.h.  */
| #define PACKAGE_NAME "tslib"
| #define PACKAGE_TARNAME "tslib"
| #define PACKAGE_VERSION "0.0.2"
| #define PACKAGE_STRING "tslib 0.0.2"
| #define PACKAGE_BUGREPORT "kergoth@handhelds.org"
| #define PACKAGE "tslib"
| #define VERSION "0.0.2"
| #define STDC_HEADERS 1
| #define HAVE_SYS_TYPES_H 1
| #define HAVE_SYS_STAT_H 1
| #define HAVE_STDLIB_H 1
| #define HAVE_STRING_H 1
| #define HAVE_MEMORY_H 1
| #define HAVE_STRINGS_H 1
| #define HAVE_INTTYPES_H 1
| #define HAVE_STDINT_H 1
| #define HAVE_UNISTD_H 1
| #define HAVE_DLFCN_H 1
| #define LT_OBJDIR ".libs/"
| #define HAVE_LIBDL 1
| #define HAVE_ALLOCA_H 1
| #define HAVE_ALLOCA 1
| #define STDC_HEADERS 1
| #define HAVE_FCNTL_H 1
| #define HAVE_LIMITS_H 1
| #define HAVE_STDLIB_H 1
| #define HAVE_STRING_H 1
| #define HAVE_SYS_IOCTL_H 1
| #define HAVE_SYS_TIME_H 1
| #define HAVE_UNISTD_H 1
| #define TIME_WITH_SYS_TIME 1
| #define HAVE_STDLIB_H 1
| #define HAVE_MALLOC 0
| #define malloc rpl_malloc
| #define HAVE_STDLIB_H 1
| #define HAVE_UNISTD_H 1
| #define HAVE_GETPAGESIZE 1
| #define HAVE_SYS_SELECT_H 1
| #define HAVE_SYS_SOCKET_H 1
| #define SELECT_TYPE_ARG1 int
| #define SELECT_TYPE_ARG234 (fd_set *)
| #define SELECT_TYPE_ARG5 (struct timeval *)
| #define RETSIGTYPE void
| #define HAVE_STAT_EMPTY_STRING_BUG 1
| #define HAVE_VPRINTF 1
| /* end confdefs.h.  */
| /* Define _doprnt to an innocuous variant, in case <limits.h> declares _doprnt.
|    For example, HP-UX 11i <limits.h> declares gettimeofday.  */
| #define _doprnt innocuous__doprnt
| 
| /* System header to define __stub macros and hopefully few prototypes,
|     which can conflict with char _doprnt (); below.
|     Prefer <limits.h> to <assert.h> if __STDC__ is defined, since
|     <limits.h> exists even on freestanding compilers.  */
| 
| #ifdef __STDC__
| # include <limits.h>
| #else
| # include <assert.h>
| #endif
| 
| #undef _doprnt
| 
| /* Override any GCC internal prototype to avoid an error.
|    Use char because int might match the return type of a GCC
|    builtin and then its argument prototype would still apply.  */
| #ifdef __cplusplus
| extern "C"
| #endif
| char _doprnt ();
| /* The GNU C library defines this for functions which it implements
|     to always fail with ENOSYS.  Some functions are actually named
|     something starting with __ and the normal name is an alias.  */
| #if defined __stub__doprnt || defined __stub____doprnt
| choke me
| #endif
| 
| int
| main ()
| {
| return _doprnt ();
|   ;
|   return 0;
| }
configure:17573: result: no
configure:17600: checking for bzero
configure:17656: arm-linux-gcc -o conftest -DGCC_HASCLASSVISIBILITY -O2 -Wall -W   conftest.c -ldl  >&5
conftest.c:71: warning: conflicting types for built-in function 'bzero'
configure:17662: $? = 0
configure:17680: result: yes
configure:17600: checking for gettimeofday
configure:17656: arm-linux-gcc -o conftest -DGCC_HASCLASSVISIBILITY -O2 -Wall -W   conftest.c -ldl  >&5
configure:17662: $? = 0
configure:17680: result: yes
configure:17600: checking for memmove
configure:17656: arm-linux-gcc -o conftest -DGCC_HASCLASSVISIBILITY -O2 -Wall -W   conftest.c -ldl  >&5
conftest.c:73: warning: conflicting types for built-in function 'memmove'
configure:17662: $? = 0
configure:17680: result: yes
configure:17600: checking for memset
configure:17656: arm-linux-gcc -o conftest -DGCC_HASCLASSVISIBILITY -O2 -Wall -W   conftest.c -ldl  >&5
conftest.c:74: warning: conflicting types for built-in function 'memset'
configure:17662: $? = 0
configure:17680: result: yes
configure:17600: checking for munmap
configure:17656: arm-linux-gcc -o conftest -DGCC_HASCLASSVISIBILITY -O2 -Wall -W   conftest.c -ldl  >&5
configure:17662: $? = 0
configure:17680: result: yes
configure:17600: checking for select
configure:17656: arm-linux-gcc -o conftest -DGCC_HASCLASSVISIBILITY -O2 -Wall -W   conftest.c -ldl  >&5
configure:17662: $? = 0
configure:17680: result: yes
configure:17600: checking for strcasecmp
configure:17656: arm-linux-gcc -o conftest -DGCC_HASCLASSVISIBILITY -O2 -Wall -W   conftest.c -ldl  >&5
conftest.c:77: warning: conflicting types for built-in function 'strcasecmp'
configure:17662: $? = 0
configure:17680: result: yes
configure:17600: checking for strchr
configure:17656: arm-linux-gcc -o conftest -DGCC_HASCLASSVISIBILITY -O2 -Wall -W   conftest.c -ldl  >&5
conftest.c:78: warning: conflicting types for built-in function 'strchr'
configure:17662: $? = 0
configure:17680: result: yes
configure:17600: checking for strdup
configure:17656: arm-linux-gcc -o conftest -DGCC_HASCLASSVISIBILITY -O2 -Wall -W   conftest.c -ldl  >&5
conftest.c:79: warning: conflicting types for built-in function 'strdup'
configure:17662: $? = 0
configure:17680: result: yes
configure:17600: checking for strtoul
configure:17656: arm-linux-gcc -o conftest -DGCC_HASCLASSVISIBILITY -O2 -Wall -W   conftest.c -ldl  >&5
configure:17662: $? = 0
configure:17680: result: yes
configure:17692: checking whether linear modules is requested
configure:17701: result: yes
configure:17712: checking whether dejitter module is requested
configure:17721: result: yes
configure:17732: checking whether linear-h2200 module is requested
configure:17741: result: yes
configure:17752: checking whether variance module is requested
configure:17761: result: yes
configure:17772: checking whether pthres module is requested
configure:17781: result: yes
configure:17794: checking whether ucb1x00 module is requested
configure:17803: result: yes
configure:17814: checking whether corgi module is requested
configure:17823: result: yes
configure:17834: checking whether collie module is requested
configure:17843: result: yes
configure:17855: checking whether h3600 module is requested
configure:17864: result: yes
configure:17875: checking whether mk712 module is requested
configure:17884: result: yes
configure:17895: checking whether arctic2 module is requested
configure:17904: result: yes
configure:17915: checking whether input module is requested
configure:17924: result: yes
configure:17935: checking where to place modules
configure:17945: result: ${libdir}/ts/
configure:17949: checking whether to enable debugging
configure:17958: result: no
configure:18197: creating ./config.status

## ---------------------- ##
## Running config.status. ##
## ---------------------- ##

This file was extended by tslib config.status 0.0.2, which was
generated by GNU Autoconf 2.61.  Invocation command line was

  CONFIG_FILES    = 
  CONFIG_HEADERS  = 
  CONFIG_LINKS    = 
  CONFIG_COMMANDS = 
  $ ./config.status 

on bhsong-laptop

config.status:948: creating Makefile
config.status:948: creating etc/Makefile
config.status:948: creating plugins/Makefile
config.status:948: creating src/Makefile
config.status:948: creating tests/Makefile
config.status:948: creating tslib-0.0.pc
config.status:948: creating config.h
config.status:1267: executing depfiles commands
config.status:1267: executing libtool commands

## ---------------- ##
## Cache variables. ##
## ---------------- ##

ac_cv_build=i686-pc-linux-gnu
ac_cv_c_compiler_gnu=yes
ac_cv_c_const=yes
ac_cv_c_inline=inline
ac_cv_cxx_compiler_gnu=yes
ac_cv_env_CCC_set=
ac_cv_env_CCC_value=
ac_cv_env_CC_set=
ac_cv_env_CC_value=
ac_cv_env_CFLAGS_set=
ac_cv_env_CFLAGS_value=
ac_cv_env_CPPFLAGS_set=
ac_cv_env_CPPFLAGS_value=
ac_cv_env_CPP_set=
ac_cv_env_CPP_value=
ac_cv_env_CXXCPP_set=
ac_cv_env_CXXCPP_value=
ac_cv_env_CXXFLAGS_set=
ac_cv_env_CXXFLAGS_value=
ac_cv_env_CXX_set=
ac_cv_env_CXX_value=
ac_cv_env_LDFLAGS_set=
ac_cv_env_LDFLAGS_value=
ac_cv_env_LIBS_set=
ac_cv_env_LIBS_value=
ac_cv_env_build_alias_set=
ac_cv_env_build_alias_value=
ac_cv_env_host_alias_set=set
ac_cv_env_host_alias_value=arm-linux
ac_cv_env_target_alias_set=
ac_cv_env_target_alias_value=
ac_cv_func__doprnt=no
ac_cv_func_alloca_works=yes
ac_cv_func_bzero=yes
ac_cv_func_dlopen=no
ac_cv_func_getpagesize=yes
ac_cv_func_gettimeofday=yes
ac_cv_func_lstat_dereferences_slashed_symlink=no
ac_cv_func_malloc_0_nonnull=no
ac_cv_func_memmove=yes
ac_cv_func_memset=yes
ac_cv_func_mmap_fixed_mapped=no
ac_cv_func_munmap=yes
ac_cv_func_select=yes
ac_cv_func_select_args='int,fd_set *,struct timeval *'
ac_cv_func_shl_load=no
ac_cv_func_stat_empty_string_bug=yes
ac_cv_func_strcasecmp=yes
ac_cv_func_strchr=yes
ac_cv_func_strdup=yes
ac_cv_func_strtoul=yes
ac_cv_func_vprintf=yes
ac_cv_header_dlfcn_h=yes
ac_cv_header_fcntl_h=yes
ac_cv_header_inttypes_h=yes
ac_cv_header_limits_h=yes
ac_cv_header_memory_h=yes
ac_cv_header_stdc=yes
ac_cv_header_stdint_h=yes
ac_cv_header_stdlib_h=yes
ac_cv_header_string_h=yes
ac_cv_header_strings_h=yes
ac_cv_header_sys_ioctl_h=yes
ac_cv_header_sys_select_h=yes
ac_cv_header_sys_socket_h=yes
ac_cv_header_sys_stat_h=yes
ac_cv_header_sys_time_h=yes
ac_cv_header_sys_types_h=yes
ac_cv_header_time=yes
ac_cv_header_unistd_h=yes
ac_cv_host=arm-unknown-linux-gnu
ac_cv_lib_dl_dlopen=yes
ac_cv_lib_dld_shl_load=no
ac_cv_objext=o
ac_cv_path_EGREP='/bin/grep -E'
ac_cv_path_FGREP='/bin/grep -F'
ac_cv_path_GREP=/bin/grep
ac_cv_path_SED=/bin/sed
ac_cv_path_install='/usr/bin/install -c'
ac_cv_path_mkdir=/bin/mkdir
ac_cv_prog_AR=arm-linux-ar
ac_cv_prog_AWK=mawk
ac_cv_prog_CC=arm-linux-gcc
ac_cv_prog_CPP='arm-linux-gcc -E'
ac_cv_prog_CXX=arm-linux-g++
ac_cv_prog_CXXCPP='arm-linux-g++ -E'
ac_cv_prog_RANLIB=arm-linux-ranlib
ac_cv_prog_STRIP=arm-linux-strip
ac_cv_prog_cc_c89=
ac_cv_prog_cc_g=yes
ac_cv_prog_cxx_g=yes
ac_cv_prog_gcc_traditional=no
ac_cv_prog_make_make_set=yes
ac_cv_type_signal=void
ac_cv_type_size_t=yes
ac_cv_working_alloca_h=yes
am_cv_CC_dependencies_compiler_type=gcc3
am_cv_CXX_dependencies_compiler_type=gcc3
bb_cv_cc_supports_hidden_visibility=yes
lt_cv_deplibs_check_method=pass_all
lt_cv_dlopen=dlopen
lt_cv_dlopen_libs=-ldl
lt_cv_dlopen_self=cross
lt_cv_file_magic_cmd='$MAGIC_CMD'
lt_cv_file_magic_test_file=
lt_cv_ld_reload_flag=-r
lt_cv_nm_interface='BSD nm'
lt_cv_objdir=.libs
lt_cv_path_LD=/usr/local/arm/4.2.2-eabi/usr/arm-unknown-linux-gnueabi/bin/ld
lt_cv_path_LDCXX=/usr/local/arm/4.2.2-eabi/usr/arm-unknown-linux-gnueabi/bin/ld
lt_cv_path_NM='/usr/local/arm/4.2.2-eabi/usr/bin//arm-linux-nm -B'
lt_cv_prog_compiler_c_o=yes
lt_cv_prog_compiler_c_o_CXX=yes
lt_cv_prog_compiler_pic_works=yes
lt_cv_prog_compiler_pic_works_CXX=yes
lt_cv_prog_compiler_rtti_exceptions=no
lt_cv_prog_compiler_static_works=yes
lt_cv_prog_compiler_static_works_CXX=yes
lt_cv_prog_gnu_ld=yes
lt_cv_prog_gnu_ldcxx=yes
lt_cv_sys_global_symbol_pipe='sed -n -e '\''s/^.*[	 ]\([ABCDGIRSTW][ABCDGIRSTW]*\)[	 ][	 ]*\([_A-Za-z][_A-Za-z0-9]*\)$/\1 \2 \2/p'\'''
lt_cv_sys_global_symbol_to_c_name_address='sed -n -e '\''s/^: \([^ ]*\) $/  {\"\1\", (void *) 0},/p'\'' -e '\''s/^[ABCDGIRSTW]* \([^ ]*\) \([^ ]*\)$/  {"\2", (void *) \&\2},/p'\'''
lt_cv_sys_global_symbol_to_c_name_address_lib_prefix='sed -n -e '\''s/^: \([^ ]*\) $/  {\"\1\", (void *) 0},/p'\'' -e '\''s/^[ABCDGIRSTW]* \([^ ]*\) \(lib[^ ]*\)$/  {"\2", (void *) \&\2},/p'\'' -e '\''s/^[ABCDGIRSTW]* \([^ ]*\) \([^ ]*\)$/  {"lib\2", (void *) \&\2},/p'\'''
lt_cv_sys_global_symbol_to_cdecl='sed -n -e '\''s/^T .* \(.*\)$/extern int \1();/p'\'' -e '\''s/^[ABCDGIRSTW]* .* \(.*\)$/extern char \1;/p'\'''
lt_cv_sys_max_cmd_len=32768

## ----------------- ##
## Output variables. ##
## ----------------- ##

ACLOCAL='${SHELL} /home/bhsong/develop/svn/ldd6410/libs/tslib/missing --run aclocal-1.10'
ALLOCA=''
AMDEPBACKSLASH='\'
AMDEP_FALSE='#'
AMDEP_TRUE=''
AMTAR='${SHELL} /home/bhsong/develop/svn/ldd6410/libs/tslib/missing --run tar'
AR='arm-linux-ar'
AUTOCONF='${SHELL} /home/bhsong/develop/svn/ldd6410/libs/tslib/missing --run autoconf'
AUTOHEADER='${SHELL} /home/bhsong/develop/svn/ldd6410/libs/tslib/missing --run autoheader'
AUTOMAKE='${SHELL} /home/bhsong/develop/svn/ldd6410/libs/tslib/missing --run automake-1.10'
AWK='mawk'
CC='arm-linux-gcc'
CCDEPMODE='depmode=gcc3'
CFLAGS='-DGCC_HASCLASSVISIBILITY -O2 -Wall -W'
CPP='arm-linux-gcc -E'
CPPFLAGS=''
CXX='arm-linux-g++'
CXXCPP='arm-linux-g++ -E'
CXXDEPMODE='depmode=gcc3'
CXXFLAGS='-g -O2'
CYGPATH_W='echo'
DEBUGFLAGS=''
DEFS='-DHAVE_CONFIG_H'
DEPDIR='.deps'
DSYMUTIL=''
DUMPBIN=''
ECHO_C=''
ECHO_N='-n'
ECHO_T=''
EGREP='/bin/grep -E'
ENABLE_ARCTIC2_MODULE_FALSE='#'
ENABLE_ARCTIC2_MODULE_TRUE=''
ENABLE_COLLIE_MODULE_FALSE='#'
ENABLE_COLLIE_MODULE_TRUE=''
ENABLE_CORGI_MODULE_FALSE='#'
ENABLE_CORGI_MODULE_TRUE=''
ENABLE_DEJITTER_MODULE_FALSE='#'
ENABLE_DEJITTER_MODULE_TRUE=''
ENABLE_H2200_LINEAR_MODULE_FALSE='#'
ENABLE_H2200_LINEAR_MODULE_TRUE=''
ENABLE_H3600_MODULE_FALSE='#'
ENABLE_H3600_MODULE_TRUE=''
ENABLE_INPUT_MODULE_FALSE='#'
ENABLE_INPUT_MODULE_TRUE=''
ENABLE_LINEAR_MODULE_FALSE='#'
ENABLE_LINEAR_MODULE_TRUE=''
ENABLE_MK712_MODULE_FALSE='#'
ENABLE_MK712_MODULE_TRUE=''
ENABLE_PTHRES_MODULE_FALSE='#'
ENABLE_PTHRES_MODULE_TRUE=''
ENABLE_UCB1X00_MODULE_FALSE='#'
ENABLE_UCB1X00_MODULE_TRUE=''
ENABLE_VARIANCE_MODULE_FALSE='#'
ENABLE_VARIANCE_MODULE_TRUE=''
EXEEXT=''
FGREP='/bin/grep -F'
GREP='/bin/grep'
INSTALL_DATA='${INSTALL} -m 644'
INSTALL_PROGRAM='${INSTALL}'
INSTALL_SCRIPT='${INSTALL}'
INSTALL_STRIP_PROGRAM='$(install_sh) -c -s'
LD='/usr/local/arm/4.2.2-eabi/usr/arm-unknown-linux-gnueabi/bin/ld'
LDFLAGS=''
LIBFLAGS='-DTSLIB_INTERNAL'
LIBOBJS=' ${LIBOBJDIR}malloc$U.o ${LIBOBJDIR}lstat$U.o ${LIBOBJDIR}stat$U.o'
LIBS='-ldl '
LIBTOOL='$(SHELL) $(top_builddir)/libtool'
LIPO=''
LN_S='ln -s'
LTLIBOBJS=' ${LIBOBJDIR}malloc$U.lo ${LIBOBJDIR}lstat$U.lo ${LIBOBJDIR}stat$U.lo'
LT_AGE='1'
LT_CURRENT='1'
LT_RELEASE='0.0'
LT_REVISION='1'
MAKEINFO='${SHELL} /home/bhsong/develop/svn/ldd6410/libs/tslib/missing --run makeinfo'
NM='/usr/local/arm/4.2.2-eabi/usr/bin//arm-linux-nm -B'
NMEDIT=''
OBJEXT='o'
OTOOL64=''
OTOOL=''
PACKAGE='tslib'
PACKAGE_BUGREPORT='kergoth@handhelds.org'
PACKAGE_DESCRIPTION='Touchscreen Access Library'
PACKAGE_NAME='tslib'
PACKAGE_STRING='tslib 0.0.2'
PACKAGE_TARNAME='tslib'
PACKAGE_VERSION='0.0.2'
PATH_SEPARATOR=':'
PLUGIN_DIR='${libdir}/ts/'
RANLIB='arm-linux-ranlib'
SED='/bin/sed'
SET_MAKE=''
SHELL='/bin/bash'
STRIP='arm-linux-strip'
TS_CONF='${sysconfdir}/ts.conf'
VERSION='0.0.2'
VIS_CFLAGS='-fvisibility=hidden'
ac_ct_CC=''
ac_ct_CXX=''
ac_ct_DUMPBIN=''
am__fastdepCC_FALSE='#'
am__fastdepCC_TRUE=''
am__fastdepCXX_FALSE='#'
am__fastdepCXX_TRUE=''
am__include='include'
am__isrc=''
am__leading_dot='.'
am__quote=''
am__tar='${AMTAR} chof - "$$tardir"'
am__untar='${AMTAR} xf -'
bindir='${exec_prefix}/bin'
build='i686-pc-linux-gnu'
build_alias=''
build_cpu='i686'
build_os='linux-gnu'
build_vendor='pc'
datadir='${datarootdir}'
datarootdir='${prefix}/share'
docdir='${datarootdir}/doc/${PACKAGE_TARNAME}'
dvidir='${docdir}'
exec_prefix='${prefix}'
host='arm-unknown-linux-gnu'
host_alias='arm-linux'
host_cpu='arm'
host_os='linux-gnu'
host_vendor='unknown'
htmldir='${docdir}'
includedir='${prefix}/include'
infodir='${datarootdir}/info'
install_sh='$(SHELL) /home/bhsong/develop/svn/ldd6410/libs/tslib/install-sh'
libdir='${exec_prefix}/lib'
libexecdir='${exec_prefix}/libexec'
localedir='${datarootdir}/locale'
localstatedir='${prefix}/var'
lt_ECHO='echo'
mandir='${datarootdir}/man'
mkdir_p='/bin/mkdir -p'
oldincludedir='/usr/include'
pdfdir='${docdir}'
prefix='/home/bhsong/tslib_build/'
program_transform_name='s,x,x,'
psdir='${docdir}'
sbindir='${exec_prefix}/sbin'
sharedstatedir='${prefix}/com'
sysconfdir='${prefix}/etc'
target_alias=''

## ----------- ##
## confdefs.h. ##
## ----------- ##

#define PACKAGE_NAME "tslib"
#define PACKAGE_TARNAME "tslib"
#define PACKAGE_VERSION "0.0.2"
#define PACKAGE_STRING "tslib 0.0.2"
#define PACKAGE_BUGREPORT "kergoth@handhelds.org"
#define PACKAGE "tslib"
#define VERSION "0.0.2"
#define STDC_HEADERS 1
#define HAVE_SYS_TYPES_H 1
#define HAVE_SYS_STAT_H 1
#define HAVE_STDLIB_H 1
#define HAVE_STRING_H 1
#define HAVE_MEMORY_H 1
#define HAVE_STRINGS_H 1
#define HAVE_INTTYPES_H 1
#define HAVE_STDINT_H 1
#define HAVE_UNISTD_H 1
#define HAVE_DLFCN_H 1
#define LT_OBJDIR ".libs/"
#define HAVE_LIBDL 1
#define HAVE_ALLOCA_H 1
#define HAVE_ALLOCA 1
#define STDC_HEADERS 1
#define HAVE_FCNTL_H 1
#define HAVE_LIMITS_H 1
#define HAVE_STDLIB_H 1
#define HAVE_STRING_H 1
#define HAVE_SYS_IOCTL_H 1
#define HAVE_SYS_TIME_H 1
#define HAVE_UNISTD_H 1
#define TIME_WITH_SYS_TIME 1
#define HAVE_STDLIB_H 1
#define HAVE_MALLOC 0
#define malloc rpl_malloc
#define HAVE_STDLIB_H 1
#define HAVE_UNISTD_H 1
#define HAVE_GETPAGESIZE 1
#define HAVE_SYS_SELECT_H 1
#define HAVE_SYS_SOCKET_H 1
#define SELECT_TYPE_ARG1 int
#define SELECT_TYPE_ARG234 (fd_set *)
#define SELECT_TYPE_ARG5 (struct timeval *)
#define RETSIGTYPE void
#define HAVE_STAT_EMPTY_STRING_BUG 1
#define HAVE_VPRINTF 1
#define HAVE_BZERO 1
#define HAVE_GETTIMEOFDAY 1
#define HAVE_MEMMOVE 1
#define HAVE_MEMSET 1
#define HAVE_MUNMAP 1
#define HAVE_SELECT 1
#define HAVE_STRCASECMP 1
#define HAVE_STRCHR 1
#define HAVE_STRDUP 1
#define HAVE_STRTOUL 1

configure: exit 0
